0 info it worked if it ends with ok
1 verbose cli [ '/usr/local/bin/node', '/usr/local/bin/npm', 'install' ]
2 info using npm@2.14.4
3 info using node@v4.1.2
4 verbose readDependencies loading dependencies from /Users/hubert_maslin/Desktop/open-source/repos/flexible-toolkit/package.json
5 warn package.json flexible-toolkit@1.0.2 No repository field.
6 verbose install where, deps [ '/Users/hubert_maslin/Desktop/open-source/repos/flexible-toolkit',
6 verbose install   [ 'suit-yourself', 'jasmine-node' ] ]
7 verbose install where, peers [ '/Users/hubert_maslin/Desktop/open-source/repos/flexible-toolkit',
7 verbose install   [] ]
8 verbose installManyTop reading for lifecycle /Users/hubert_maslin/Desktop/open-source/repos/flexible-toolkit/package.json
9 info preinstall flexible-toolkit@1.0.2
10 verbose readDependencies loading dependencies from /Users/hubert_maslin/Desktop/open-source/repos/flexible-toolkit/package.json
11 silly cache add args [ 'jasmine-node@^1.14.5', null ]
12 verbose cache add spec jasmine-node@^1.14.5
13 silly cache add parsed spec Result {
13 silly cache add   raw: 'jasmine-node@^1.14.5',
13 silly cache add   scope: null,
13 silly cache add   name: 'jasmine-node',
13 silly cache add   rawSpec: '^1.14.5',
13 silly cache add   spec: '>=1.14.5 <2.0.0',
13 silly cache add   type: 'range' }
14 silly addNamed jasmine-node@>=1.14.5 <2.0.0
15 verbose addNamed ">=1.14.5 <2.0.0" is a valid semver range for jasmine-node
16 silly addNameRange { name: 'jasmine-node',
16 silly addNameRange   range: '>=1.14.5 <2.0.0',
16 silly addNameRange   hasData: false }
17 silly mapToRegistry name jasmine-node
18 silly mapToRegistry using default registry
19 silly mapToRegistry registry https://registry.npmjs.org/
20 silly mapToRegistry uri https://registry.npmjs.org/jasmine-node
21 verbose addNameRange registry:https://registry.npmjs.org/jasmine-node not in flight; fetching
22 silly cache add args [ 'suit-yourself@x', null ]
23 verbose cache add spec suit-yourself@x
24 silly cache add parsed spec Result {
24 silly cache add   raw: 'suit-yourself@x',
24 silly cache add   scope: null,
24 silly cache add   name: 'suit-yourself',
24 silly cache add   rawSpec: 'x',
24 silly cache add   spec: '*',
24 silly cache add   type: 'range' }
25 silly addNamed suit-yourself@*
26 verbose addNamed "*" is a valid semver range for suit-yourself
27 silly addNameRange { name: 'suit-yourself', range: '*', hasData: false }
28 silly mapToRegistry name suit-yourself
29 silly mapToRegistry using default registry
30 silly mapToRegistry registry https://registry.npmjs.org/
31 silly mapToRegistry uri https://registry.npmjs.org/suit-yourself
32 verbose addNameRange registry:https://registry.npmjs.org/suit-yourself not in flight; fetching
33 verbose request uri https://registry.npmjs.org/suit-yourself
34 verbose request no auth needed
35 info attempt registry request try #1 at 11:19:02 PM
36 verbose request using bearer token for auth
37 verbose request id 765e7568f81c12e0
38 http request GET https://registry.npmjs.org/suit-yourself
39 verbose request uri https://registry.npmjs.org/jasmine-node
40 verbose request no auth needed
41 info attempt registry request try #1 at 11:19:02 PM
42 verbose request using bearer token for auth
43 verbose etag W/"58932449-1743b"
44 verbose lastModified Thu, 02 Feb 2017 12:21:29 GMT
45 http request GET https://registry.npmjs.org/jasmine-node
46 http 304 https://registry.npmjs.org/jasmine-node
47 silly get cb [ 304,
47 silly get   { server: 'nginx/1.10.1',
47 silly get     'last-modified': 'Thu, 02 Feb 2017 12:21:29 GMT',
47 silly get     etag: '"58932449-1743b"',
47 silly get     'cache-control': 'max-age=300',
47 silly get     'accept-ranges': 'bytes',
47 silly get     date: 'Thu, 09 Mar 2017 22:19:02 GMT',
47 silly get     via: '1.1 varnish',
47 silly get     connection: 'keep-alive',
47 silly get     'x-served-by': 'cache-lcy1131-LCY',
47 silly get     'x-cache': 'MISS',
47 silly get     'x-cache-hits': '0',
47 silly get     'x-timer': 'S1489097942.588940,VS0,VE17',
47 silly get     vary: 'Accept-Encoding' } ]
48 verbose etag https://registry.npmjs.org/jasmine-node from cache
49 verbose get saving jasmine-node to /Users/hubert_maslin/.npm/registry.npmjs.org/jasmine-node/.cache.json
50 silly addNameRange number 2 { name: 'jasmine-node', range: '>=1.14.5 <2.0.0', hasData: true }
51 silly addNameRange versions [ 'jasmine-node',
51 silly addNameRange   [ '1.0.1',
51 silly addNameRange     '1.0.2',
51 silly addNameRange     '1.0.3',
51 silly addNameRange     '1.0.4',
51 silly addNameRange     '1.0.5',
51 silly addNameRange     '1.0.6',
51 silly addNameRange     '1.0.7',
51 silly addNameRange     '1.0.8',
51 silly addNameRange     '1.0.9',
51 silly addNameRange     '1.0.10',
51 silly addNameRange     '1.0.11',
51 silly addNameRange     '1.0.12',
51 silly addNameRange     '1.0.13',
51 silly addNameRange     '1.0.15',
51 silly addNameRange     '1.0.16',
51 silly addNameRange     '1.0.17',
51 silly addNameRange     '1.0.18',
51 silly addNameRange     '1.0.19',
51 silly addNameRange     '1.0.20',
51 silly addNameRange     '1.0.21',
51 silly addNameRange     '1.0.22',
51 silly addNameRange     '1.0.23',
51 silly addNameRange     '1.0.24',
51 silly addNameRange     '1.0.25',
51 silly addNameRange     '1.0.26',
51 silly addNameRange     '1.0.27',
51 silly addNameRange     '1.0.28',
51 silly addNameRange     '1.1.0',
51 silly addNameRange     '1.2.0',
51 silly addNameRange     '1.2.1',
51 silly addNameRange     '1.2.2',
51 silly addNameRange     '1.2.3',
51 silly addNameRange     '1.3.0',
51 silly addNameRange     '1.3.1',
51 silly addNameRange     '1.4.0',
51 silly addNameRange     '1.5.0',
51 silly addNameRange     '1.6.0',
51 silly addNameRange     '1.7.0',
51 silly addNameRange     '1.7.1',
51 silly addNameRange     '1.8.0',
51 silly addNameRange     '1.8.1',
51 silly addNameRange     '1.9.0',
51 silly addNameRange     '1.9.1',
51 silly addNameRange     '1.10.0',
51 silly addNameRange     '1.10.1',
51 silly addNameRange     '1.10.2',
51 silly addNameRange     '1.11.0',
51 silly addNameRange     '1.12.0',
51 silly addNameRange     '1.12.1',
51 silly addNameRange     '1.13.0',
51 silly addNameRange     '1.13.1',
51 silly addNameRange     '1.14.0',
51 silly addNameRange     '1.14.1',
51 silly addNameRange     '2.0.0',
51 silly addNameRange     '1.14.2',
51 silly addNameRange     '2.0.0-beta1',
51 silly addNameRange     '2.0.0-beta2',
51 silly addNameRange     '2.0.0-beta3',
51 silly addNameRange     '1.14.3',
51 silly addNameRange     '2.0.0-beta4',
51 silly addNameRange     '1.14.4',
51 silly addNameRange     '1.14.5',
51 silly addNameRange     '1.0.0-rc1',
51 silly addNameRange     '1.0.0-rc2',
51 silly addNameRange     '1.0.0-rc3' ] ]
52 silly addNamed jasmine-node@1.14.5
53 verbose addNamed "1.14.5" is a plain semver version for jasmine-node
54 silly cache afterAdd jasmine-node@1.14.5
55 verbose afterAdd /Users/hubert_maslin/.npm/jasmine-node/1.14.5/package/package.json not in flight; writing
56 verbose afterAdd /Users/hubert_maslin/.npm/jasmine-node/1.14.5/package/package.json written
57 http 404 https://registry.npmjs.org/suit-yourself
58 verbose headers { 'content-type': 'application/json',
58 verbose headers   'cache-control': 'max-age=0',
58 verbose headers   'content-length': '2',
58 verbose headers   'accept-ranges': 'bytes',
58 verbose headers   date: 'Thu, 09 Mar 2017 22:19:02 GMT',
58 verbose headers   via: '1.1 varnish',
58 verbose headers   connection: 'keep-alive',
58 verbose headers   'x-served-by': 'cache-lcy1120-LCY',
58 verbose headers   'x-cache': 'MISS',
58 verbose headers   'x-cache-hits': '0',
58 verbose headers   'x-timer': 'S1489097942.589214,VS0,VE397',
58 verbose headers   vary: 'Accept-Encoding' }
59 silly get cb [ 404,
59 silly get   { 'content-type': 'application/json',
59 silly get     'cache-control': 'max-age=0',
59 silly get     'content-length': '2',
59 silly get     'accept-ranges': 'bytes',
59 silly get     date: 'Thu, 09 Mar 2017 22:19:02 GMT',
59 silly get     via: '1.1 varnish',
59 silly get     connection: 'keep-alive',
59 silly get     'x-served-by': 'cache-lcy1120-LCY',
59 silly get     'x-cache': 'MISS',
59 silly get     'x-cache-hits': '0',
59 silly get     'x-timer': 'S1489097942.589214,VS0,VE397',
59 silly get     vary: 'Accept-Encoding' } ]
60 verbose stack Error: Registry returned 404 for GET on https://registry.npmjs.org/suit-yourself
60 verbose stack     at makeError (/usr/local/lib/node_modules/npm/node_modules/npm-registry-client/lib/request.js:263:12)
60 verbose stack     at CachingRegistryClient.<anonymous> (/usr/local/lib/node_modules/npm/node_modules/npm-registry-client/lib/request.js:241:14)
60 verbose stack     at Request._callback (/usr/local/lib/node_modules/npm/node_modules/npm-registry-client/lib/request.js:171:14)
60 verbose stack     at Request.self.callback (/usr/local/lib/node_modules/npm/node_modules/request/request.js:198:22)
60 verbose stack     at emitTwo (events.js:87:13)
60 verbose stack     at Request.emit (events.js:172:7)
60 verbose stack     at Request.<anonymous> (/usr/local/lib/node_modules/npm/node_modules/request/request.js:1073:14)
60 verbose stack     at emitOne (events.js:82:20)
60 verbose stack     at Request.emit (events.js:169:7)
60 verbose stack     at IncomingMessage.<anonymous> (/usr/local/lib/node_modules/npm/node_modules/request/request.js:1019:12)
61 verbose statusCode 404
62 verbose pkgid suit-yourself
63 verbose cwd /Users/hubert_maslin/Desktop/open-source/repos/flexible-toolkit
64 error Darwin 14.5.0
65 error argv "/usr/local/bin/node" "/usr/local/bin/npm" "install"
66 error node v4.1.2
67 error npm  v2.14.4
68 error code E404
69 error 404 Registry returned 404 for GET on https://registry.npmjs.org/suit-yourself
69 error 404
69 error 404 'suit-yourself' is not in the npm registry.
69 error 404 You should bug the author to publish it (or use the name yourself!)
69 error 404 It was specified as a dependency of 'flexible-toolkit'
69 error 404
69 error 404 Note that you can also install from a
69 error 404 tarball, folder, http url, or git url.
70 verbose exit [ 1, true ]
